-------------------------------------------------------------------------------
Test set: pe.edu.vallegrande.ms_distribution.application.services.impl.DistributionRouteServiceImplTest
-------------------------------------------------------------------------------
Tests run: 9, Failures: 1, Errors: 0, Skipped: 0, Time elapsed: 1.255 s <<< FAILURE! -- in pe.edu.vallegrande.ms_distribution.application.services.impl.DistributionRouteServiceImplTest
pe.edu.vallegrande.ms_distribution.application.services.impl.DistributionRouteServiceImplTest.testSaveWithMissingFields -- Time elapsed: 0.014 s <<< FAILURE!
java.lang.AssertionError: expectation "expectNextCount(1)" failed (expected: count = 1; actual: counted = 0; signal: onError(java.lang.NullPointerException: Cannot invoke "java.util.List.stream()" because the return value of "pe.edu.vallegrande.ms_distribution.infrastructure.dto.request.DistributionRouteCreateRequest.getZones()" is null))
	at reactor.test.MessageFormatter.assertionError(MessageFormatter.java:115)
	at reactor.test.MessageFormatter.failPrefix(MessageFormatter.java:104)
	at reactor.test.MessageFormatter.fail(MessageFormatter.java:73)
	at reactor.test.MessageFormatter.failOptional(MessageFormatter.java:88)
	at reactor.test.DefaultStepVerifierBuilder$DefaultVerifySubscriber.checkCountMismatch(DefaultStepVerifierBuilder.java:1372)
	at reactor.test.DefaultStepVerifierBuilder$DefaultVerifySubscriber.onSignalCount(DefaultStepVerifierBuilder.java:1610)
	at reactor.test.DefaultStepVerifierBuilder$DefaultVerifySubscriber.onExpectation(DefaultStepVerifierBuilder.java:1467)
	at reactor.test.DefaultStepVerifierBuilder$DefaultVerifySubscriber.onError(DefaultStepVerifierBuilder.java:1129)
	at reactor.core.publisher.MonoFlatMap$FlatMapMain.onNext(MonoFlatMap.java:136)
	at reactor.core.publisher.Operators$BaseFluxToMonoOperator.completePossiblyEmpty(Operators.java:2096)
	at reactor.core.publisher.FluxDefaultIfEmpty$DefaultIfEmptySubscriber.onComplete(FluxDefaultIfEmpty.java:134)
	at reactor.core.publisher.FluxMap$MapSubscriber.onComplete(FluxMap.java:144)
	at reactor.core.publisher.Operators.complete(Operators.java:137)
	at reactor.core.publisher.MonoEmpty.subscribe(MonoEmpty.java:46)
	at reactor.core.publisher.Mono.subscribe(Mono.java:4576)
	at reactor.test.DefaultStepVerifierBuilder$DefaultStepVerifier.toVerifierAndSubscribe(DefaultStepVerifierBuilder.java:891)
	at reactor.test.DefaultStepVerifierBuilder$DefaultStepVerifier.verify(DefaultStepVerifierBuilder.java:831)
	at reactor.test.DefaultStepVerifierBuilder$DefaultStepVerifier.verify(DefaultStepVerifierBuilder.java:823)
	at reactor.test.DefaultStepVerifierBuilder.verifyComplete(DefaultStepVerifierBuilder.java:690)
	at pe.edu.vallegrande.ms_distribution.application.services.impl.DistributionRouteServiceImplTest.testSaveWithMissingFields(DistributionRouteServiceImplTest.java:88)
	at java.base/java.lang.reflect.Method.invoke(Method.java:568)
	at java.base/java.util.ArrayList.forEach(ArrayList.java:1511)
	at java.base/java.util.ArrayList.forEach(ArrayList.java:1511)
	Suppressed: java.lang.NullPointerException: Cannot invoke "java.util.List.stream()" because the return value of "pe.edu.vallegrande.ms_distribution.infrastructure.dto.request.DistributionRouteCreateRequest.getZones()" is null
		at pe.edu.vallegrande.ms_distribution.application.services.impl.DistributionRouteServiceImpl.lambda$0(DistributionRouteServiceImpl.java:57)
		at reactor.core.publisher.MonoFlatMap$FlatMapMain.onNext(MonoFlatMap.java:132)
		... 14 more

