<?xml version="1.0" encoding="UTF-8"?>
<testsuite xmlns:xsi="http://www.w3.org/2001/XMLSchema-instance" xsi:noNamespaceSchemaLocation="https://maven.apache.org/surefire/maven-surefire-plugin/xsd/surefire-test-report.xsd" version="3.0.2" name="pe.edu.vallegrande.ms_distribution.application.services.impl.DistributionRouteServiceImplTest" time="0.25" tests="6" errors="0" skipped="0" failures="0">
  <properties>
[...]
</properties>
  <testcase name="activate_ShouldReturnError_WhenRouteNotFound" classname="pe.edu.vallegrande.ms_distribution.application.services.impl.DistributionRouteServiceImplTest" time="0.158">
    <system-out><![CDATA[➡️ Iniciando prueba negativa: Activación de ruta inexistente
❌ Error esperado: Route not found
✔️ Prueba negativa finalizada con éxito

]]></system-out>
  </testcase>
  <testcase name="save_ShouldCreateRoute_WhenRequestIsValid" classname="pe.edu.vallegrande.ms_distribution.application.services.impl.DistributionRouteServiceImplTest" time="0.043">
    <system-out><![CDATA[➡️ Iniciando prueba: Creando ruta válida
✅ Ruta creada correctamente con código: RUT001
📌 Datos enviados al repositorio:
   Organización: org-1
   Código: RUT001
   Nombre: Ruta Principal
   Duración total: 5
   Usuario responsable: user-1
   Estado: ACTIVE
   Número de zonas: 2
✔️ Prueba finalizada con éxito

]]></system-out>
  </testcase>
  <testcase name="activate_ShouldActivateRoute_WhenRouteExists" classname="pe.edu.vallegrande.ms_distribution.application.services.impl.DistributionRouteServiceImplTest" time="0.01">
    <system-out><![CDATA[➡️ Iniciando prueba: Activación de ruta
✅ Ruta activada correctamente
✔️ Prueba de activación finalizada

]]></system-out>
  </testcase>
  <testcase name="save_ShouldReturnError_WhenRepositoryFails" classname="pe.edu.vallegrande.ms_distribution.application.services.impl.DistributionRouteServiceImplTest" time="0.007">
    <system-out><![CDATA[➡️ Iniciando prueba negativa: Falla del repositorio al guardar ruta
❌ Error esperado: Database error
✔️ Prueba negativa finalizada con éxito

]]></system-out>
  </testcase>
  <testcase name="deactivate_ShouldDeactivateRoute_WhenRouteExists" classname="pe.edu.vallegrande.ms_distribution.application.services.impl.DistributionRouteServiceImplTest" time="0.009">
    <system-out><![CDATA[➡️ Iniciando prueba: Desactivación de ruta
✅ Ruta desactivada correctamente
✔️ Prueba de desactivación finalizada

]]></system-out>
  </testcase>
  <testcase name="save_ShouldGenerateNextRouteCode_WhenPreviousRoutesExist" classname="pe.edu.vallegrande.ms_distribution.application.services.impl.DistributionRouteServiceImplTest" time="0.009">
    <system-out><![CDATA[➡️ Iniciando prueba: Generación de código secuencial
✅ Código generado correctamente: RUT006
✔️ Prueba de generación de código finalizada

]]></system-out>
  </testcase>
</testsuite>